<?xml version="1.0" encoding="UTF-8"?>
<!-- Generated by org.testng.reporters.JUnitReportReporter -->
<testsuite hostname="LAPTOP-GVP3BC08" failures="0" tests="1" name="demo1git.demo1git" time="16.295" errors="0" timestamp="2021-04-03T14:35:56 IST" skipped="0">
  <testcase classname="demo1git.demo1git" name="Test" time="16.295"/>
  <system-out/>
</testsuite> <!-- demo1git.demo1git -->
